*** Starting uWSGI 2.0.15 (64bit) on [Fri Aug  4 03:07:36 2017] ***
compiled with version: 6.2.1 20160822 on 18 May 2017 11:04:52
os: Linux-4.10.0-28-generic #32-Ubuntu SMP Fri Jun 30 05:32:18 UTC 2017
nodename: 0726a42b4cc0
machine: x86_64
clock source: unix
detected number of CPU cores: 4
current working directory: /src
detected binary path: /usr/bin/uwsgi
!!! no internal routing support, rebuild with pcre support !!!
uWSGI running as root, you can use --uid/--gid/--chroot options
*** WARNING: you are running uWSGI as root !!! (use the --uid flag) *** 
*** WARNING: you are running uWSGI without its master process manager ***
your memory page size is 4096 bytes
detected max file descriptor number: 1048576
lock engine: pthread robust mutexes
thunder lock: disabled (you can enable it with --thunder-lock)
uwsgi socket 0 bound to UNIX address /tmp/flask.sock fd 3
Python version: 3.5.2 (default, Dec 22 2016, 10:15:38)  [GCC 6.2.1 20160822]
*** Python threads support is disabled. You can enable it with --enable-threads ***
Python main interpreter initialized at 0x55d6f16731e0
your server socket listen backlog is limited to 100 connections
your mercy for graceful operations on workers is 60 seconds
mapped 72768 bytes (71 KB) for 1 cores
*** Operational MODE: single process ***
WSGI app 0 (mountpoint='') ready in 0 seconds on interpreter 0x55d6f16731e0 pid: 1 (default app)
*** uWSGI is running in multiple interpreter mode ***
spawned uWSGI worker 1 (and the only) (pid: 1, cores: 1)
--------------------------------------------------------------------------------
INFO in home [./application/blueprints/home.py:10]:
Logging
--------------------------------------------------------------------------------
[pid: 1|app: 0|req: 1/1] 172.18.0.1 () {44 vars in 744 bytes} [Fri Aug  4 03:08:05 2017] GET /home/index => generated 10 bytes in 6 msecs (HTTP/1.1 200) 2 headers in 79 bytes (1 switches on core 0)
[pid: 1|app: 0|req: 2/2] 172.18.0.1 () {44 vars in 713 bytes} [Fri Aug  4 03:08:06 2017] GET /favicon.ico => generated 233 bytes in 7 msecs (HTTP/1.1 404) 2 headers in 72 bytes (1 switches on core 0)
*** Starting uWSGI 2.0.15 (64bit) on [Fri Aug  4 03:11:29 2017] ***
compiled with version: 6.2.1 20160822 on 18 May 2017 11:04:52
os: Linux-4.10.0-28-generic #32-Ubuntu SMP Fri Jun 30 05:32:18 UTC 2017
nodename: 0726a42b4cc0
machine: x86_64
clock source: unix
detected number of CPU cores: 4
current working directory: /src
detected binary path: /usr/bin/uwsgi
!!! no internal routing support, rebuild with pcre support !!!
uWSGI running as root, you can use --uid/--gid/--chroot options
*** WARNING: you are running uWSGI as root !!! (use the --uid flag) *** 
*** WARNING: you are running uWSGI without its master process manager ***
your memory page size is 4096 bytes
detected max file descriptor number: 1048576
lock engine: pthread robust mutexes
thunder lock: disabled (you can enable it with --thunder-lock)
uwsgi socket 0 bound to UNIX address /tmp/flask.sock fd 3
Python version: 3.5.2 (default, Dec 22 2016, 10:15:38)  [GCC 6.2.1 20160822]
*** Python threads support is disabled. You can enable it with --enable-threads ***
Python main interpreter initialized at 0x55dfb32d91e0
your server socket listen backlog is limited to 100 connections
your mercy for graceful operations on workers is 60 seconds
mapped 72768 bytes (71 KB) for 1 cores
*** Operational MODE: single process ***
WSGI app 0 (mountpoint='') ready in 0 seconds on interpreter 0x55dfb32d91e0 pid: 1 (default app)
*** uWSGI is running in multiple interpreter mode ***
spawned uWSGI worker 1 (and the only) (pid: 1, cores: 1)
*** Starting uWSGI 2.0.15 (64bit) on [Fri Aug  4 03:12:20 2017] ***
compiled with version: 6.2.1 20160822 on 18 May 2017 11:04:52
os: Linux-4.10.0-28-generic #32-Ubuntu SMP Fri Jun 30 05:32:18 UTC 2017
nodename: 0726a42b4cc0
machine: x86_64
clock source: unix
detected number of CPU cores: 4
current working directory: /src
detected binary path: /usr/bin/uwsgi
!!! no internal routing support, rebuild with pcre support !!!
uWSGI running as root, you can use --uid/--gid/--chroot options
*** WARNING: you are running uWSGI as root !!! (use the --uid flag) *** 
*** WARNING: you are running uWSGI without its master process manager ***
your memory page size is 4096 bytes
detected max file descriptor number: 1048576
lock engine: pthread robust mutexes
thunder lock: disabled (you can enable it with --thunder-lock)
uwsgi socket 0 bound to UNIX address /tmp/flask.sock fd 3
Python version: 3.5.2 (default, Dec 22 2016, 10:15:38)  [GCC 6.2.1 20160822]
*** Python threads support is disabled. You can enable it with --enable-threads ***
Python main interpreter initialized at 0x556fca5121e0
your server socket listen backlog is limited to 100 connections
your mercy for graceful operations on workers is 60 seconds
mapped 72768 bytes (71 KB) for 1 cores
*** Operational MODE: single process ***
WSGI app 0 (mountpoint='') ready in 0 seconds on interpreter 0x556fca5121e0 pid: 1 (default app)
*** uWSGI is running in multiple interpreter mode ***
spawned uWSGI worker 1 (and the only) (pid: 1, cores: 1)
